/data/testsuite/utils/cpu2006/ccr_O3/povray_base.amd64-m64-ccr-O3.strip
Target:  0x4170c0 , Refer:  0x4ba292
/data/testsuite/utils/cpu2006/ccr_O0/omnetpp_base.amd64-m64-ccr-O0.strip
Target:  0x409c50 , Refer:  0x4d2687
/data/testsuite/utils/cpu2006/ccr_Os/povray_base.amd64-m64-ccr-Os.strip
Target:  0x410c20 , Refer:  0x487500
/data/testsuite/servers/gcc_Of/nginx.strip
Target:  0x658500 , Refer:  0x65a64b
Target:  0x648580 , Refer:  0x64968d
Target:  0x6105f0 , Refer:  0x60d73b
Target:  0x650700 , Refer:  0x64f415
Target:  0x648770 , Refer:  0x6498e7
Target:  0x6d8940 , Refer:  0x672615
Target:  0x6489e0 , Refer:  0x6d23e7
Target:  0x648aa0 , Refer:  0x64979d
Target:  0x608ac0 , Refer:  0x60600e
Target:  0x670b80 , Refer:  0x6723f7
Target:  0x648c80 , Refer:  0x6499bf
Target:  0x658e00 , Refer:  0x659fa1
Target:  0x648f70 , Refer:  0x6d2407
Target:  0x649030 , Refer:  0x67807f
Target:  0x649060 , Refer:  0x6492fc
Target:  0x609100 , Refer:  0x60601a
Target:  0x6d9240 , Refer:  0x67250f
Target:  0x6492f0 , Refer:  0x677ad9
Target:  0x6d9360 , Refer:  0x672630
Target:  0x659410 , Refer:  0x5cb331
Target:  0x6c9440 , Refer:  0x6c7c5b
Target:  0x6714a0 , Refer:  0x672404
Target:  0x649510 , Refer:  0x658f73
Target:  0x6d16d0 , Refer:  0x648465
Target:  0x671760 , Refer:  0x671dd2
Target:  0x6d1760 , Refer:  0x6d20c8
Target:  0x659770 , Refer:  0x5c9b43
Target:  0x6d1780 , Refer:  0x648066
Target:  0x6d1790 , Refer:  0x64805f
Target:  0x6d17b0 , Refer:  0x646471
Target:  0x651840 , Refer:  0x64f408
Target:  0x6d1940 , Refer:  0x647640
Target:  0x6719c0 , Refer:  0x67231c
Target:  0x6d99e0 , Refer:  0x672567
Target:  0x671a20 , Refer:  0x6723cb
Target:  0x6d9b60 , Refer:  0x67264d
Target:  0x6d1b70 , Refer:  0x64786b
Target:  0x671c40 , Refer:  0x669528
Target:  0x6d9c60 , Refer:  0x6d9bdb
Target:  0x5e9c90 , Refer:  0x5e78a2
Target:  0x6d9d60 , Refer:  0x6d9c09
Target:  0x6e1d80 , Refer:  0x6cfeb1
Target:  0x6d1da0 , Refer:  0x647eaa
Target:  0x6d9e40 , Refer:  0x6d9af7
Target:  0x5e9ef0 , Refer:  0x5ea7c1
Target:  0x6c1f00 , Refer:  0x5f9b90
Target:  0x6d9f00 , Refer:  0x6d9a2c
Target:  0x6d1f20 , Refer:  0x6482f2
Target:  0x659f50 , Refer:  0x5c9a4b
Target:  0x6c1fa0 , Refer:  0x6c2f32
Target:  0x6c20a0 , Refer:  0x6c2e86
Target:  0x6d20a0 , Refer:  0x64841f
Target:  0x6da0a0 , Refer:  0x6d9a84
Target:  0x6c20e0 , Refer:  0x6c3128
Target:  0x6c2160 , Refer:  0x6c319a
Target:  0x6da290 , Refer:  0x672546
Target:  0x6da2c0 , Refer:  0x67258b
Target:  0x6c2360 , Refer:  0x6c1f2c
Target:  0x6ca3c0 , Refer:  0x6c7c8d
Target:  0x6da420 , Refer:  0x6da7e3
Target:  0x61a480 , Refer:  0x61f315
Target:  0x612500 , Refer:  0x5d09c4
Target:  0x5ea620 , Refer:  0x5e7ab1
Target:  0x6726a0 , Refer:  0x6748f0
Target:  0x6da6f0 , Refer:  0x6d7659
Target:  0x672720 , Refer:  0x674670
Target:  0x5ea7e0 , Refer:  0x5cb1ec
Target:  0x65a9c0 , Refer:  0x65b109
Target:  0x672a10 , Refer:  0x674910
Target:  0x672a90 , Refer:  0x67476a
Target:  0x65ab20 , Refer:  0x65b139
Target:  0x65acc0 , Refer:  0x65b08a
Target:  0x672d60 , Refer:  0x6748aa
Target:  0x65ae20 , Refer:  0x65ad74
Target:  0x65ae40 , Refer:  0x65ad99
Target:  0x6c2e80 , Refer:  0x6c1f33
Target:  0x65af00 , Refer:  0x65adef
Target:  0x6c2f20 , Refer:  0x6c1f47
Target:  0x65af30 , Refer:  0x65ada3
Target:  0x5fb020 , Refer:  0x5d5ec3
Target:  0x65b030 , Refer:  0x5cc89e
Target:  0x65b060 , Refer:  0x5cc8b8
Target:  0x65b0a0 , Refer:  0x5cc8c6
Target:  0x65b0c0 , Refer:  0x5cc8bf
Target:  0x65b0e0 , Refer:  0x5c9c83
Target:  0x65b160 , Refer:  0x65b0f2
Target:  0x60b260 , Refer:  0x609111
Target:  0x6532a0 , Refer:  0x64f3e0
Target:  0x6b33a0 , Refer:  0x5bf8ba
Target:  0x64b3c0 , Refer:  0x5cfcd4
Target:  0x6b3440 , Refer:  0x5be3d1
Target:  0x6b34c0 , Refer:  0x6b522f
Target:  0x5e3500 , Refer:  0x5e3e19
Target:  0x6cb580 , Refer:  0x6c7c6f
Target:  0x6b3700 , Refer:  0x5be361
Target:  0x5a3780 , Refer:  0x668bfe
Target:  0x6b3780 , Refer:  0x6b50ab
Target:  0x6538c0 , Refer:  0x5ccabe
Target:  0x653900 , Refer:  0x5ccab1
Target:  0x61b940 , Refer:  0x61a49b
Target:  0x653940 , Refer:  0x6556c4
Target:  0x6b3940 , Refer:  0x6b6351
Target:  0x6539a0 , Refer:  0x657485
Target:  0x653a00 , Refer:  0x65570c
Target:  0x653a70 , Refer:  0x6574b5
Target:  0x5e3a80 , Refer:  0x5cb294
Target:  0x653ae0 , Refer:  0x655764
Target:  0x653b70 , Refer:  0x6574f5
Target:  0x64bb80 , Refer:  0x64b3d3
Target:  0x6b3ba0 , Refer:  0x6b61d4
Target:  0x5e3bc0 , Refer:  0x5e3dfb
Target:  0x653c00 , Refer:  0x655620
Target:  0x61bc80 , Refer:  0x61a4da
Target:  0x653ce0 , Refer:  0x6573e2
Target:  0x5e3d40 , Refer:  0x5cb23f
Target:  0x6b3d60 , Refer:  0x5be3dc
Target:  0x653dc0 , Refer:  0x654145
Target:  0x6b3e60 , Refer:  0x5bf549
Target:  0x6b3ec0 , Refer:  0x5bf8a5
Target:  0x653ed0 , Refer:  0x65725a
Target:  0x6b3fa0 , Refer:  0x5c0113
Target:  0x653fe0 , Refer:  0x5ccc23
Target:  0x6b3fe0 , Refer:  0x5bed29
Target:  0x5fc040 , Refer:  0x6b7be0
Target:  0x6b40a0 , Refer:  0x6b3ecd
Target:  0x6b4180 , Refer:  0x6b3fed
Target:  0x6b4280 , Refer:  0x6b45f1
Target:  0x64c2a0 , Refer:  0x64b7b3
Target:  0x6b42e0 , Refer:  0x6b5241
Target:  0x6b4340 , Refer:  0x6b51b1
Target:  0x6b4380 , Refer:  0x6b4628
Target:  0x6b43e0 , Refer:  0x5bf826
Target:  0x654540 , Refer:  0x5cbfb3
Target:  0x674580 , Refer:  0x5d2196
Target:  0x654620 , Refer:  0x5cbf51
Target:  0x5fc6a0 , Refer:  0x6b7c61
Target:  0x5a4700 , Refer:  0x668c20
Target:  0x6b4700 , Refer:  0x5bf9c3
Target:  0x654790 , Refer:  0x5cb492
Target:  0x674a40 , Refer:  0x5d2a42
Target:  0x64cac0 , Refer:  0x5cf0a4
Target:  0x64cb00 , Refer:  0x64caf8
Target:  0x61cb40 , Refer:  0x61a4cd
Target:  0x614d00 , Refer:  0x61250e
Target:  0x674de0 , Refer:  0x674a5a
Target:  0x5a4e40 , Refer:  0x5a5740
Target:  0x6b4e60 , Refer:  0x5beddb
Target:  0x644ff0 , Refer:  0x5aa164
Target:  0x675020 , Refer:  0x674df6
Target:  0x6550f0 , Refer:  0x5c9f54
Target:  0x6451b0 , Refer:  0x6e72a6
Target:  0x645210 , Refer:  0x6de10b
Target:  0x645370 , Refer:  0x6c4a9e
Target:  0x6b53e0 , Refer:  0x6b575c
Target:  0x6b5440 , Refer:  0x6b6363
Target:  0x6b54a0 , Refer:  0x6b62d6
Target:  0x6b5500 , Refer:  0x6b5794
Target:  0x6b5560 , Refer:  0x6b43f3
Target:  0x6155a0 , Refer:  0x61251a
Target:  0x5a5620 , Refer:  0x669166
Target:  0x60d700 , Refer:  0x6123cd
Target:  0x5a5780 , Refer:  0x5a571f
Target:  0x6b5860 , Refer:  0x6b4713
Target:  0x655870 , Refer:  0x5ca017
Target:  0x6bd920 , Refer:  0x5e1d15
Target:  0x61da40 , Refer:  0x61a4af
Target:  0x675a40 , Refer:  0x674de9
Target:  0x64dc80 , Refer:  0x64caf3
Target:  0x6b5fa0 , Refer:  0x6b4e73
Target:  0x606000 , Refer:  0x5ce37d
Target:  0x5a6040 , Refer:  0x5a6286
Target:  0x656080 , Refer:  0x5ccb73
Target:  0x5a60e0 , Refer:  0x669188
Target:  0x5a6100 , Refer:  0x5a60e8
Target:  0x676180 , Refer:  0x675030
Target:  0x6562e0 , Refer:  0x6561e2
Target:  0x5a63e0 , Refer:  0x5a6ce2
Target:  0x6564a0 , Refer:  0x656261
Target:  0x6565e0 , Refer:  0x656206
Target:  0x656660 , Refer:  0x5ccaa3
Target:  0x60e7a0 , Refer:  0x60d727
Target:  0x656940 , Refer:  0x6567e8
Target:  0x60ea20 , Refer:  0x60d75e
Target:  0x656ae0 , Refer:  0x6568b1
Target:  0x656c00 , Refer:  0x656836
Target:  0x656c70 , Refer:  0x5d175d
Target:  0x5a6d20 , Refer:  0x5a6cc3
Target:  0x64ee80 , Refer:  0x64cad5
Target:  0x64f3c0 , Refer:  0x5d1b02
Target:  0x6575b0 , Refer:  0x5d1a6b
Target:  0x657620 , Refer:  0x6575b5
Target:  0x5a7680 , Refer:  0x5a6cc8
Target:  0x6176a0 , Refer:  0x6155b1
Target:  0x64f700 , Refer:  0x64f3f4
Target:  0x5a7710 , Refer:  0x669145
Target:  0x5a7740 , Refer:  0x668a6d
Target:  0x5a7780 , Refer:  0x668b27
Target:  0x60f860 , Refer:  0x60d759
Target:  0x6c7c40 , Refer:  0x61f986
Target:  0x657c80 , Refer:  0x659e4b
Target:  0x66ffc0 , Refer:  0x6723b8
/data/testsuite/utils/cpu2006/ccr_O2/dealII_base.amd64-m64-ccr-O2.strip
Target:  0x404060 , Refer:  0x62bdd1
/data/testsuite/libs/gcc_O3/libc-2.27.so.strip
/data/testsuite/utils/cpu2006/ccr_Of/soplex_base.amd64-m64-ccr-Of.strip
Target:  0x40a7c0 , Refer:  0x448f59
/data/testsuite/utils/cpu2006/ccr_O3/omnetpp_base.amd64-m64-ccr-O3.strip
Target:  0x405760 , Refer:  0x467b6a
/data/testsuite/utils/cpu2006/ccr_O0/dealII_base.amd64-m64-ccr-O0.strip
Target:  0x405ec0 , Refer:  0x74fee4
/data/testsuite/clients/gcc_Os/openssl.strip
Target:  0x488000 , Refer:  0x47c4a0
Target:  0x488020 , Refer:  0x488008
Target:  0x488300 , Refer:  0x488c02
Target:  0x588460 , Refer:  0x588823
Target:  0x580540 , Refer:  0x57de0d
Target:  0x538590 , Refer:  0x4b535f
Target:  0x588730 , Refer:  0x58754d
Target:  0x500880 , Refer:  0x505474
Target:  0x4f8900 , Refer:  0x4b96f3
Target:  0x488c40 , Refer:  0x488be3
Target:  0x4e0f80 , Refer:  0x4bd4ea
Target:  0x539000 , Refer:  0x539749
Target:  0x539160 , Refer:  0x539779
Target:  0x539300 , Refer:  0x5396ca
Target:  0x539460 , Refer:  0x5393b4
Target:  0x539480 , Refer:  0x5393d9
Target:  0x4c94c0 , Refer:  0x4c9dd9
Target:  0x539540 , Refer:  0x53942f
Target:  0x539570 , Refer:  0x5393e3
Target:  0x4895a0 , Refer:  0x488be8
Target:  0x489630 , Refer:  0x47c4d6
Target:  0x489660 , Refer:  0x47c34c
Target:  0x539670 , Refer:  0x4b77a4
Target:  0x4896a0 , Refer:  0x47c3aa
Target:  0x5396a0 , Refer:  0x4b77be
Target:  0x5396e0 , Refer:  0x4b77cc
Target:  0x539700 , Refer:  0x4b77c5
Target:  0x581700 , Refer:  0x57ddef
Target:  0x539720 , Refer:  0x4b558c
Target:  0x5397a0 , Refer:  0x539732
Target:  0x4f1860 , Refer:  0x4ef711
Target:  0x5318e0 , Refer:  0x52da20
Target:  0x529a00 , Refer:  0x4b9819
Target:  0x4c9a40 , Refer:  0x4b6617
Target:  0x4c9b80 , Refer:  0x4c9dbb
Target:  0x4c9d00 , Refer:  0x4b655d
Target:  0x489d20 , Refer:  0x48bf4f
Target:  0x501d40 , Refer:  0x50089b
Target:  0x489da0 , Refer:  0x48bcf0
Target:  0x579eb0 , Refer:  0x4c8050
Target:  0x541ec0 , Refer:  0x485607
Target:  0x531f00 , Refer:  0x4b7972
Target:  0x531f40 , Refer:  0x4b7965
Target:  0x531f80 , Refer:  0x533d04
Target:  0x4e1fc0 , Refer:  0x578145
Target:  0x531fe0 , Refer:  0x535ac5
Target:  0x532040 , Refer:  0x533d4c
Target:  0x502080 , Refer:  0x5008da
Target:  0x48a090 , Refer:  0x48bf63
Target:  0x5320b0 , Refer:  0x535af5
Target:  0x48a110 , Refer:  0x48bdea
Target:  0x532120 , Refer:  0x533da4
Target:  0x5321b0 , Refer:  0x535b35
Target:  0x52a1c0 , Refer:  0x529a13
Target:  0x532240 , Refer:  0x533c60
Target:  0x532320 , Refer:  0x535a22
Target:  0x48a3e0 , Refer:  0x48bf2c
Target:  0x532400 , Refer:  0x532785
Target:  0x532510 , Refer:  0x53589a
Target:  0x4e2620 , Refer:  0x5781b9
Target:  0x532620 , Refer:  0x4b7a70
Target:  0x4e26e0 , Refer:  0x436c38
Target:  0x5427c0 , Refer:  0x4854ff
Target:  0x52a8e0 , Refer:  0x529df3
Target:  0x5428e0 , Refer:  0x485622
Target:  0x532b80 , Refer:  0x4b713d
Target:  0x532c60 , Refer:  0x4b7134
Target:  0x532dd0 , Refer:  0x4b6898
Target:  0x57af00 , Refer:  0x4dffd5
Target:  0x502f40 , Refer:  0x5008cd
Target:  0x542f60 , Refer:  0x485558
Target:  0x57afa0 , Refer:  0x57bf32
Target:  0x482fc0 , Refer:  0x4853b2
Target:  0x57b0a0 , Refer:  0x57be86
Target:  0x5830c0 , Refer:  0x50d72d
Target:  0x5430e0 , Refer:  0x485643
Target:  0x57b0e0 , Refer:  0x57c128
Target:  0x4fb100 , Refer:  0x4f890e
Target:  0x52b100 , Refer:  0x4b8998
Target:  0x52b140 , Refer:  0x52b138
Target:  0x57b160 , Refer:  0x57c19a
Target:  0x5431e0 , Refer:  0x54315b
Target:  0x5432e0 , Refer:  0x543189
Target:  0x57b360 , Refer:  0x57af2c
Target:  0x5433c0 , Refer:  0x543077
Target:  0x543480 , Refer:  0x542fac
Target:  0x543620 , Refer:  0x543004
Target:  0x533730 , Refer:  0x4b57c0
Target:  0x543810 , Refer:  0x485536
Target:  0x543840 , Refer:  0x48557c
Target:  0x4fb9a0 , Refer:  0x4f891a
Target:  0x543ac0 , Refer:  0x4bae30
Target:  0x483b80 , Refer:  0x4853ef
Target:  0x463bc0 , Refer:  0x464ccd
Target:  0x48bc00 , Refer:  0x4baa89
Target:  0x4f3d00 , Refer:  0x4f881f
Target:  0x463db0 , Refer:  0x464f27
Target:  0x503e40 , Refer:  0x5008af
Target:  0x543e60 , Refer:  0x543ada
Target:  0x57be80 , Refer:  0x57af33
Target:  0x533eb0 , Refer:  0x4b57ee
Target:  0x57bf20 , Refer:  0x57af47
Target:  0x464020 , Refer:  0x5385bc
Target:  0x5440a0 , Refer:  0x543e76
Target:  0x4640e0 , Refer:  0x464ddd
Target:  0x4642c0 , Refer:  0x464fff
Target:  0x52c2c0 , Refer:  0x52b133
Target:  0x5743a0 , Refer:  0x4abcc0
Target:  0x4cc440 , Refer:  0x4cb71e
Target:  0x574440 , Refer:  0x4aae10
Target:  0x4844a0 , Refer:  0x4853fc
Target:  0x5744c0 , Refer:  0x57622f
Target:  0x4cc550 , Refer:  0x4cb733
Target:  0x4645b0 , Refer:  0x538d91
Target:  0x4ec600 , Refer:  0x4b842b
Target:  0x464670 , Refer:  0x529460
Target:  0x4646a0 , Refer:  0x46493c
Target:  0x5346c0 , Refer:  0x4b7957
Target:  0x574700 , Refer:  0x4aadc5
Target:  0x484760 , Refer:  0x484dd2
Target:  0x574780 , Refer:  0x5760ab
Target:  0x534920 , Refer:  0x534822
Target:  0x464930 , Refer:  0x529459
Target:  0x574940 , Refer:  0x577351
Target:  0x4849c0 , Refer:  0x48531c
Target:  0x484a20 , Refer:  0x4853c3
Target:  0x544ac0 , Refer:  0x543e69
Target:  0x534ae0 , Refer:  0x5348a1
Target:  0x464b50 , Refer:  0x5375b3
Target:  0x574ba0 , Refer:  0x5771d4
Target:  0x534c20 , Refer:  0x534846
Target:  0x484c40 , Refer:  0x47be23
Target:  0x534ca0 , Refer:  0x4b794e
Target:  0x4ccd50 , Refer:  0x4cb546
Target:  0x574d60 , Refer:  0x4aae4a
Target:  0x4f4da0 , Refer:  0x4f3d27
Target:  0x574e60 , Refer:  0x4abb05
Target:  0x574ec0 , Refer:  0x4abcb3
Target:  0x534f80 , Refer:  0x534e28
Target:  0x574fa0 , Refer:  0x4ac273
Target:  0x4ccfb0 , Refer:  0x4cd881
Target:  0x574fe0 , Refer:  0x4ab576
Target:  0x4f5020 , Refer:  0x4f3d5e
Target:  0x4cd080 , Refer:  0x4cb55b
Target:  0x5750a0 , Refer:  0x574ecd
Target:  0x535120 , Refer:  0x534ef1
Target:  0x575180 , Refer:  0x574fed
Target:  0x545200 , Refer:  0x5440b0
Target:  0x535240 , Refer:  0x534e76
Target:  0x575280 , Refer:  0x5755f1
Target:  0x5352b0 , Refer:  0x4b9e4c
Target:  0x5752e0 , Refer:  0x576241
Target:  0x575340 , Refer:  0x5761b1
Target:  0x575380 , Refer:  0x575628
Target:  0x5753e0 , Refer:  0x4abc72
Target:  0x52d4c0 , Refer:  0x52b115
Target:  0x585640 , Refer:  0x5298e2
Target:  0x485680 , Refer:  0x47ecea
Target:  0x5856d0 , Refer:  0x586038
Target:  0x4cd6e0 , Refer:  0x4cb527
Target:  0x5856f0 , Refer:  0x5297c4
Target:  0x575700 , Refer:  0x4abd62
Target:  0x585700 , Refer:  0x5297bd
Target:  0x585720 , Refer:  0x52834e
Target:  0x4cd880 , Refer:  0x4cb52e
Target:  0x4cd8a0 , Refer:  0x4cb53c
Target:  0x5858b0 , Refer:  0x529339
Target:  0x52da00 , Refer:  0x4ba48a
Target:  0x4fdaa0 , Refer:  0x4fb9b1
Target:  0x585ae0 , Refer:  0x5294d2
Target:  0x535bf0 , Refer:  0x4ba3d7
Target:  0x535c60 , Refer:  0x535bf5
Target:  0x585d10 , Refer:  0x529607
Target:  0x52dd40 , Refer:  0x52da34
Target:  0x57ddc0 , Refer:  0x505952
Target:  0x4f5e60 , Refer:  0x4f3d59
Target:  0x575e60 , Refer:  0x4ab5b9
Target:  0x585e90 , Refer:  0x52978f
Target:  0x586010 , Refer:  0x5298b6
Target:  0x5362c0 , Refer:  0x53848b
Target:  0x5763e0 , Refer:  0x57675c
Target:  0x576440 , Refer:  0x577363
Target:  0x5764a0 , Refer:  0x5772d6
Target:  0x576500 , Refer:  0x576794
Target:  0x576560 , Refer:  0x5753f3
Target:  0x486600 , Refer:  0x47c480
Target:  0x576860 , Refer:  0x575713
Target:  0x536b40 , Refer:  0x538c8b
Target:  0x4f6bf0 , Refer:  0x4f3d3b
Target:  0x52ed40 , Refer:  0x52da55
Target:  0x486d60 , Refer:  0x487660
Target:  0x576fa0 , Refer:  0x575e73
Target:  0x4ef0c0 , Refer:  0x4ec60e
Target:  0x5271f0 , Refer:  0x494b50
Target:  0x5273b0 , Refer:  0x58c7d0
Target:  0x527410 , Refer:  0x58923b
Target:  0x537440 , Refer:  0x5385e1
Target:  0x487540 , Refer:  0x47c4f1
Target:  0x527570 , Refer:  0x57d278
Target:  0x5375a0 , Refer:  0x4b54c5
Target:  0x57f5c0 , Refer:  0x57dddb
Target:  0x4876a0 , Refer:  0x48763f
Target:  0x4ef700 , Refer:  0x4ec61a
Target:  0x537a50 , Refer:  0x4b6760
Target:  0x537db0 , Refer:  0x4b5368
Target:  0x52fe80 , Refer:  0x52da48
Target:  0x487f60 , Refer:  0x4881a6
/data/testsuite/utils/cpu2006/ccr_O2/omnetpp_base.amd64-m64-ccr-O2.strip
Target:  0x405730 , Refer:  0x464e59
/data/testsuite/utils/cpu2006/ccr_O3/dealII_base.amd64-m64-ccr-O3.strip
Target:  0x403fc0 , Refer:  0x66fd85
/data/testsuite/utils/cpu2006/ccr_Os/dealII_base.amd64-m64-ccr-Os.strip
Target:  0x404320 , Refer:  0x56abba
/data/testsuite/clients/gcc_O2/openssl.strip
Target:  0x4a8020 , Refer:  0x4a8266
Target:  0x4a80c0 , Refer:  0x49a900
Target:  0x4a80e0 , Refer:  0x4a80c8
Target:  0x5d0200 , Refer:  0x5cecf5
Target:  0x578310 , Refer:  0x4e02e1
Target:  0x538340 , Refer:  0x536e9b
Target:  0x4a83c0 , Refer:  0x4a8cc2
Target:  0x578670 , Refer:  0x4deb23
Target:  0x538680 , Refer:  0x536eda
Target:  0x5c06e0 , Refer:  0x4f7325
Target:  0x5c8700 , Refer:  0x5c4def
Target:  0x570740 , Refer:  0x56e308
Target:  0x4f8b40 , Refer:  0x4f9459
Target:  0x4a8d00 , Refer:  0x4a8ca3
Target:  0x578e50 , Refer:  0x4dea2b
Target:  0x4f90c0 , Refer:  0x4e0244
Target:  0x4f9200 , Refer:  0x4f943b
Target:  0x4f9380 , Refer:  0x4e01ef
Target:  0x539540 , Refer:  0x536ecd
Target:  0x4a9660 , Refer:  0x4a8ca8
Target:  0x4a96f0 , Refer:  0x49a8bd
Target:  0x531700 , Refer:  0x52ef0e
Target:  0x4a9720 , Refer:  0x49a2ed
Target:  0x4a9760 , Refer:  0x49a3a7
Target:  0x5798c0 , Refer:  0x57a009
Target:  0x5c1900 , Refer:  0x514340
Target:  0x5c19a0 , Refer:  0x5c2932
Target:  0x579a20 , Refer:  0x57a039
Target:  0x5c1aa0 , Refer:  0x5c2886
Target:  0x5c1ae0 , Refer:  0x5c2b28
Target:  0x5c1b60 , Refer:  0x5c2b9a
Target:  0x579bc0 , Refer:  0x579f8a
Target:  0x579d20 , Refer:  0x579c74
Target:  0x579d40 , Refer:  0x579c99
Target:  0x5c1d60 , Refer:  0x5c192c
Target:  0x579e00 , Refer:  0x579cef
Target:  0x579e30 , Refer:  0x579ca3
Target:  0x4a9ea0 , Refer:  0x4ac0f0
Target:  0x4a9f20 , Refer:  0x4abe70
Target:  0x579f30 , Refer:  0x4e184e
Target:  0x579f60 , Refer:  0x4e1868
Target:  0x531fa0 , Refer:  0x52ef1a
Target:  0x579fa0 , Refer:  0x4e1876
Target:  0x579fc0 , Refer:  0x4e186f
Target:  0x579fe0 , Refer:  0x4dec63
Target:  0x57a060 , Refer:  0x579ff2
Target:  0x52a100 , Refer:  0x52edcd
Target:  0x5ca180 , Refer:  0x546385
Target:  0x5721a0 , Refer:  0x56e2e0
Target:  0x4aa210 , Refer:  0x4ac110
Target:  0x4aa290 , Refer:  0x4abf6a
Target:  0x56a2c0 , Refer:  0x4e3fcc
Target:  0x5ba3a0 , Refer:  0x4d2905
Target:  0x53a440 , Refer:  0x536eaf
Target:  0x5ba440 , Refer:  0x4d3091
Target:  0x5ba4c0 , Refer:  0x5bc22f
Target:  0x4aa560 , Refer:  0x4ac0aa
Target:  0x5ba700 , Refer:  0x4d3021
Target:  0x5ba780 , Refer:  0x5bc0ab
Target:  0x5727c0 , Refer:  0x4e1a6e
Target:  0x572800 , Refer:  0x4e1a61
Target:  0x572840 , Refer:  0x5745c4
Target:  0x5c2880 , Refer:  0x5c1933
Target:  0x5728a0 , Refer:  0x576385
Target:  0x572900 , Refer:  0x57460c
Target:  0x5c2920 , Refer:  0x5c1947
Target:  0x5ba940 , Refer:  0x5bd351
Target:  0x572970 , Refer:  0x5763b5
Target:  0x5729e0 , Refer:  0x574664
Target:  0x522a00 , Refer:  0x4e29a6
Target:  0x572a70 , Refer:  0x5763f5
Target:  0x56aa80 , Refer:  0x56a2d3
Target:  0x572b00 , Refer:  0x574520
Target:  0x5baba0 , Refer:  0x5bd1d4
Target:  0x572be0 , Refer:  0x5762e2
Target:  0x572cc0 , Refer:  0x573045
Target:  0x5bad60 , Refer:  0x4d309c
Target:  0x572dd0 , Refer:  0x57615a
Target:  0x5bae60 , Refer:  0x4d2015
Target:  0x5baec0 , Refer:  0x4d22e5
Target:  0x572ee0 , Refer:  0x4e1bd3
Target:  0x5bafa0 , Refer:  0x4d33c3
Target:  0x5bafe0 , Refer:  0x4d28fa
Target:  0x4a3080 , Refer:  0x4a5478
Target:  0x5bb0a0 , Refer:  0x5baecd
Target:  0x5bb180 , Refer:  0x5bafed
Target:  0x52b1a0 , Refer:  0x52a127
Target:  0x56b1a0 , Refer:  0x56a6b3
Target:  0x47b200 , Refer:  0x47c30d
Target:  0x5bb280 , Refer:  0x5bb5f1
Target:  0x5bb2e0 , Refer:  0x5bc241
Target:  0x5bb340 , Refer:  0x5bc1b1
Target:  0x5bb380 , Refer:  0x5bb628
Target:  0x5bb3e0 , Refer:  0x4d2265
Target:  0x47b3f0 , Refer:  0x47c567
Target:  0x52b420 , Refer:  0x52a15e
Target:  0x573440 , Refer:  0x4e0f63
Target:  0x573520 , Refer:  0x4e0f01
Target:  0x47b660 , Refer:  0x578e7c
Target:  0x573690 , Refer:  0x4e0442
Target:  0x5bb700 , Refer:  0x4d23a9
Target:  0x47b720 , Refer:  0x47c41d
Target:  0x47b900 , Refer:  0x47c63f
Target:  0x56b9c0 , Refer:  0x4e3670
Target:  0x56ba00 , Refer:  0x56b9f8
Target:  0x47bbf0 , Refer:  0x579651
Target:  0x4a3c40 , Refer:  0x4a54b7
Target:  0x47bcb0 , Refer:  0x569b73
Target:  0x47bce0 , Refer:  0x47bf7c
Target:  0x4abd80 , Refer:  0x4e5b36
Target:  0x5bbe60 , Refer:  0x4d292f
Target:  0x47bf70 , Refer:  0x569b5f
Target:  0x573ff0 , Refer:  0x4def44
Target:  0x5340a0 , Refer:  0x531fb1
Target:  0x47c190 , Refer:  0x577e73
Target:  0x52c260 , Refer:  0x52a159
Target:  0x4fc3c0 , Refer:  0x4fb402
Target:  0x5bc3e0 , Refer:  0x5bc75c
Target:  0x5bc440 , Refer:  0x5bd363
Target:  0x5bc4a0 , Refer:  0x5bd2d6
Target:  0x4fc4d0 , Refer:  0x4fb417
Target:  0x5bc500 , Refer:  0x5bc794
Target:  0x4a4560 , Refer:  0x4a54c4
Target:  0x5bc560 , Refer:  0x5bb3f3
Target:  0x574770 , Refer:  0x4df007
Target:  0x4a4820 , Refer:  0x4a4e92
Target:  0x5bc860 , Refer:  0x5bb713
Target:  0x5cc9c0 , Refer:  0x56a175
Target:  0x5cca50 , Refer:  0x5cd3b8
Target:  0x5cca70 , Refer:  0x569f4c
Target:  0x4a4a80 , Refer:  0x4a53dc
Target:  0x5cca80 , Refer:  0x569f45
Target:  0x5ccaa0 , Refer:  0x5687fb
Target:  0x4a4ae0 , Refer:  0x4a548b
Target:  0x584b40 , Refer:  0x4a56d5
Target:  0x56cb80 , Refer:  0x56b9f3
Target:  0x5ccc30 , Refer:  0x5699a0
Target:  0x4fccd0 , Refer:  0x4fb212
Target:  0x4a4d00 , Refer:  0x49aab9
Target:  0x5c4dc0 , Refer:  0x53c406
Target:  0x5cce60 , Refer:  0x569bcb
Target:  0x4fcf30 , Refer:  0x4fd801
Target:  0x574f80 , Refer:  0x4e1b23
Target:  0x5bcfa0 , Refer:  0x5bbe73
Target:  0x52cff0 , Refer:  0x52a13b
Target:  0x4fd000 , Refer:  0x4fb227
Target:  0x5cd090 , Refer:  0x569e1d
Target:  0x5751e0 , Refer:  0x5750e2
Target:  0x5cd210 , Refer:  0x56a02d
Target:  0x5cd390 , Refer:  0x56a12f
Target:  0x5753a0 , Refer:  0x575161
Target:  0x585440 , Refer:  0x4a55cf
Target:  0x5254c0 , Refer:  0x522a0e
Target:  0x5754e0 , Refer:  0x575106
Target:  0x575560 , Refer:  0x4e1a53
Target:  0x585560 , Refer:  0x4a56f0
Target:  0x4fd660 , Refer:  0x4fb439
Target:  0x4a5740 , Refer:  0x49dcbf
Target:  0x5157a0 , Refer:  0x4e9243
Target:  0x4fd800 , Refer:  0x4fb440
Target:  0x4fd820 , Refer:  0x4fb44e
Target:  0x575840 , Refer:  0x5756e8
Target:  0x5759e0 , Refer:  0x5757b1
Target:  0x525b00 , Refer:  0x522a1a
Target:  0x575b00 , Refer:  0x575736
Target:  0x575b70 , Refer:  0x4e518d
Target:  0x585be0 , Refer:  0x4a5627
Target:  0x585d60 , Refer:  0x4a570d
Target:  0x56dd80 , Refer:  0x56b9d5
Target:  0x585e60 , Refer:  0x585ddb
Target:  0x585f60 , Refer:  0x585e09
Target:  0x586040 , Refer:  0x585cf7
Target:  0x586100 , Refer:  0x585c2c
Target:  0x5862a0 , Refer:  0x585c84
Target:  0x56e2c0 , Refer:  0x4e54a2
Target:  0x586490 , Refer:  0x4a5606
Target:  0x5764b0 , Refer:  0x4e540b
Target:  0x5864c0 , Refer:  0x4a564b
Target:  0x576520 , Refer:  0x5764b5
Target:  0x5c65c0 , Refer:  0x5c4ddb
Target:  0x56e600 , Refer:  0x56e2f4
Target:  0x4a66c0 , Refer:  0x49a4a0
Target:  0x586740 , Refer:  0x4e6212
Target:  0x5167c0 , Refer:  0x5be580
Target:  0x586ae0 , Refer:  0x58675a
Target:  0x576b80 , Refer:  0x578d4b
Target:  0x586d20 , Refer:  0x586af6
Target:  0x4a6e20 , Refer:  0x4a7720
Target:  0x516e20 , Refer:  0x5be601
Target:  0x536e80 , Refer:  0x53bcc5
Target:  0x516ee0 , Refer:  0x442850
Target:  0x52ef00 , Refer:  0x4e43db
Target:  0x577400 , Refer:  0x57954b
Target:  0x567420 , Refer:  0x4b7084
Target:  0x5c7540 , Refer:  0x5c4e0d
Target:  0x5675e0 , Refer:  0x5d49aa
Target:  0x4a7600 , Refer:  0x49a8de
Target:  0x56f600 , Refer:  0x56e315
Target:  0x567640 , Refer:  0x5d0fe2
Target:  0x587740 , Refer:  0x586ae9
Target:  0x4a7760 , Refer:  0x4a76ff
Target:  0x5677a0 , Refer:  0x5c3f3e
Target:  0x527c60 , Refer:  0x525b11
Target:  0x577d00 , Refer:  0x578ea1
Target:  0x577e60 , Refer:  0x4ded49
Target:  0x587e80 , Refer:  0x586d30
Target:  0x5cff30 , Refer:  0x5d02f3
/data/testsuite/utils/cpu2006/ccr_O0/namd_base.amd64-m64-ccr-O0.strip
Target:  0x401b30 , Refer:  0x486dd0
/data/testsuite/libs/gcc_O2/libc-2.27.so.strip
/data/testsuite/libs/gcc_Os/libc-2.27.so.strip
Target:  0x36fb0 , Refer:  0x36ff6
/data/testsuite/utils/cpu2006/ccr_Os/soplex_base.amd64-m64-ccr-Os.strip
Target:  0x407fe0 , Refer:  0x4318d3
/data/testsuite/utils/cpu2006/ccr_O0/Xalan_base.amd64-m64-ccr-O0.strip
Target:  0x40a5f0 , Refer:  0x816377
/data/testsuite/utils/cpu2006/ccr_Of/dealII_base.amd64-m64-ccr-Of.strip
Target:  0x403f90 , Refer:  0x676be5
/data/testsuite/utils/cpu2006/ccr_O0/soplex_base.amd64-m64-ccr-O0.strip
Target:  0x4070d0 , Refer:  0x4665dd
/data/testsuite/libs/gcc_m32_O2/libc-2.27.so.strip
Target:  0x464e0 , Refer:  0x46523
/data/testsuite/libs/gcc_m32_O3/libc-2.27.so.strip
Target:  0x52cb0 , Refer:  0x52cf3
/data/testsuite/servers/gcc_Os/nginx.strip
Target:  0x5e0100 , Refer:  0x5dd90e
Target:  0x570180 , Refer:  0x570a80
Target:  0x6401e0 , Refer:  0x63fe5a
Target:  0x6803e0 , Refer:  0x68075c
Target:  0x6103f0 , Refer:  0x5754a4
Target:  0x640420 , Refer:  0x6401f6
Target:  0x680440 , Refer:  0x681363
Target:  0x6804a0 , Refer:  0x6812d6
Target:  0x6204f0 , Refer:  0x595294
Target:  0x680500 , Refer:  0x680794
Target:  0x680560 , Refer:  0x67f3f3
Target:  0x6105b0 , Refer:  0x6b22a6
Target:  0x610610 , Refer:  0x6a910b
Target:  0x610770 , Refer:  0x68fa9e
Target:  0x680860 , Refer:  0x67f713
Target:  0x688920 , Refer:  0x5ad055
Target:  0x570960 , Refer:  0x634566
Target:  0x5e09a0 , Refer:  0x5dd91a
Target:  0x570ac0 , Refer:  0x570a5f
Target:  0x5d8b00 , Refer:  0x5dd7cd
Target:  0x620c70 , Refer:  0x595357
Target:  0x5e8e40 , Refer:  0x5e58af
Target:  0x640e40 , Refer:  0x6401e9
Target:  0x680fa0 , Refer:  0x67fe73
Target:  0x619080 , Refer:  0x617ef3
Target:  0x571380 , Refer:  0x5715c6
Target:  0x5d1400 , Refer:  0x5996bd
Target:  0x571420 , Refer:  0x634588
Target:  0x571440 , Refer:  0x571428
Target:  0x621480 , Refer:  0x597eb3
Target:  0x641580 , Refer:  0x640430
Target:  0x6216e0 , Refer:  0x6215e2
Target:  0x571720 , Refer:  0x572022
Target:  0x6218a0 , Refer:  0x621661
Target:  0x6219e0 , Refer:  0x621606
Target:  0x621a60 , Refer:  0x597de3
Target:  0x5d9ba0 , Refer:  0x5d8b27
Target:  0x621d40 , Refer:  0x621be8
Target:  0x5d9e20 , Refer:  0x5d8b5e
Target:  0x621ee0 , Refer:  0x621cb1
Target:  0x622000 , Refer:  0x621c36
Target:  0x572060 , Refer:  0x572003
Target:  0x622070 , Refer:  0x59ca9d
Target:  0x61a280 , Refer:  0x617ed5
Target:  0x61a7c0 , Refer:  0x59ce42
Target:  0x6229b0 , Refer:  0x59cdab
Target:  0x5729c0 , Refer:  0x572008
Target:  0x622a20 , Refer:  0x6229b5
Target:  0x572a50 , Refer:  0x634545
Target:  0x572a80 , Refer:  0x633e6d
Target:  0x5e2aa0 , Refer:  0x5e09b1
Target:  0x572ac0 , Refer:  0x633f27
Target:  0x61ab00 , Refer:  0x61a7f4
Target:  0x692c40 , Refer:  0x5ead86
Target:  0x5dac60 , Refer:  0x5d8b59
Target:  0x623080 , Refer:  0x62524b
Target:  0x63b3c0 , Refer:  0x63d7b8
Target:  0x623900 , Refer:  0x625a4b
Target:  0x6a3940 , Refer:  0x63da15
Target:  0x613980 , Refer:  0x614a8d
Target:  0x5db9f0 , Refer:  0x5d8b3b
Target:  0x61bb00 , Refer:  0x61a815
Target:  0x613b70 , Refer:  0x614ce7
Target:  0x613de0 , Refer:  0x69d3e7
Target:  0x613ea0 , Refer:  0x614b9d
Target:  0x5d3ec0 , Refer:  0x5d140e
Target:  0x63bf80 , Refer:  0x63d7f7
Target:  0x614080 , Refer:  0x614dbf
Target:  0x624200 , Refer:  0x6253a1
Target:  0x6a4240 , Refer:  0x63d90f
Target:  0x6a4360 , Refer:  0x63da30
Target:  0x614370 , Refer:  0x69d407
Target:  0x614430 , Refer:  0x64347f
Target:  0x694440 , Refer:  0x692c5b
Target:  0x614460 , Refer:  0x6146fc
Target:  0x5d4500 , Refer:  0x5d141a
Target:  0x69c6d0 , Refer:  0x613865
Target:  0x6146f0 , Refer:  0x642ed9
Target:  0x69c760 , Refer:  0x69d0c8
Target:  0x69c780 , Refer:  0x613466
Target:  0x69c790 , Refer:  0x61345f
Target:  0x69c7b0 , Refer:  0x611871
Target:  0x624810 , Refer:  0x596671
Target:  0x63c8a0 , Refer:  0x63d804
Target:  0x614910 , Refer:  0x624373
Target:  0x69c940 , Refer:  0x612a40
Target:  0x6a49e0 , Refer:  0x63d967
Target:  0x63cb60 , Refer:  0x63d1d2
Target:  0x6a4b60 , Refer:  0x63da4d
Target:  0x624b70 , Refer:  0x594e83
Target:  0x69cb70 , Refer:  0x612c6b
Target:  0x61cc40 , Refer:  0x61a808
Target:  0x6a4c60 , Refer:  0x6a4bdb
Target:  0x6a4d60 , Refer:  0x6a4c09
Target:  0x6acd80 , Refer:  0x69aeb1
Target:  0x69cda0 , Refer:  0x6132aa
Target:  0x63cdc0 , Refer:  0x63d71c
Target:  0x63ce20 , Refer:  0x63d7cb
Target:  0x6a4e40 , Refer:  0x6a4af7
Target:  0x68cf00 , Refer:  0x5c4ed0
Target:  0x6a4f00 , Refer:  0x6a4a2c
Target:  0x69cf20 , Refer:  0x6136f2
Target:  0x68cfa0 , Refer:  0x68df32
Target:  0x5b4fd0 , Refer:  0x5b2be2
Target:  0x63d040 , Refer:  0x634928
Target:  0x68d0a0 , Refer:  0x68de86
Target:  0x69d0a0 , Refer:  0x61381f
Target:  0x6a50a0 , Refer:  0x6a4a84
Target:  0x68d0e0 , Refer:  0x68e128
Target:  0x68d160 , Refer:  0x68e19a
Target:  0x5b5230 , Refer:  0x5b5b01
Target:  0x6a5290 , Refer:  0x63d946
Target:  0x6a52c0 , Refer:  0x63d98b
Target:  0x625350 , Refer:  0x594d8b
Target:  0x68d360 , Refer:  0x68cf2c
Target:  0x6953c0 , Refer:  0x692c8d
Target:  0x6a5420 , Refer:  0x6a57e3
Target:  0x6a56f0 , Refer:  0x6a2659
Target:  0x5e5880 , Refer:  0x5ea715
Target:  0x5dd900 , Refer:  0x59bd04
Target:  0x5b5960 , Refer:  0x5b2df1
Target:  0x63daa0 , Refer:  0x63fcf0
Target:  0x5b5b20 , Refer:  0x59652c
Target:  0x63db20 , Refer:  0x63fa70
Target:  0x625dc0 , Refer:  0x626509
Target:  0x63de10 , Refer:  0x63fd10
Target:  0x68de80 , Refer:  0x68cf33
Target:  0x63de90 , Refer:  0x63fb6a
Target:  0x625f20 , Refer:  0x626539
Target:  0x68df20 , Refer:  0x68cf47
Target:  0x6260c0 , Refer:  0x62648a
Target:  0x63e160 , Refer:  0x63fcaa
Target:  0x626220 , Refer:  0x626174
Target:  0x626240 , Refer:  0x626199
Target:  0x626300 , Refer:  0x6261ef
Target:  0x626330 , Refer:  0x6261a3
Target:  0x5c6360 , Refer:  0x5a1203
Target:  0x67e3a0 , Refer:  0x58abfa
Target:  0x626430 , Refer:  0x597bde
Target:  0x67e440 , Refer:  0x589711
Target:  0x626460 , Refer:  0x597bf8
Target:  0x6264a0 , Refer:  0x597c06
Target:  0x6264c0 , Refer:  0x597bff
Target:  0x67e4c0 , Refer:  0x68022f
Target:  0x6264e0 , Refer:  0x594fc3
Target:  0x626560 , Refer:  0x6264f2
Target:  0x696580 , Refer:  0x692c6f
Target:  0x5d6660 , Refer:  0x5d4511
Target:  0x61e6a0 , Refer:  0x61a7e0
Target:  0x67e700 , Refer:  0x5896a1
Target:  0x67e780 , Refer:  0x6800ab
Target:  0x6167c0 , Refer:  0x59b014
Target:  0x5ae840 , Refer:  0x5af159
Target:  0x67e940 , Refer:  0x681351
Target:  0x56eaa0 , Refer:  0x633ffe
Target:  0x67eba0 , Refer:  0x6811d4
Target:  0x61ecc0 , Refer:  0x597dfe
Target:  0x61ed00 , Refer:  0x597df1
Target:  0x5e6d40 , Refer:  0x5e589b
Target:  0x61ed40 , Refer:  0x620ac4
Target:  0x67ed60 , Refer:  0x58971c
Target:  0x61eda0 , Refer:  0x622885
Target:  0x5aedc0 , Refer:  0x5965d4
Target:  0x61ee00 , Refer:  0x620b0c
Target:  0x67ee60 , Refer:  0x58a889
Target:  0x61ee70 , Refer:  0x6228b5
Target:  0x67eec0 , Refer:  0x58abe5
Target:  0x61eee0 , Refer:  0x620b64
Target:  0x5aef00 , Refer:  0x5af13b
Target:  0x61ef70 , Refer:  0x6228f5
Target:  0x616f80 , Refer:  0x6167d3
Target:  0x67efa0 , Refer:  0x58b453
Target:  0x67efe0 , Refer:  0x58a069
Target:  0x61f000 , Refer:  0x620a20
Target:  0x5af080 , Refer:  0x59657f
Target:  0x5e7080 , Refer:  0x5e58da
Target:  0x67f0a0 , Refer:  0x67eecd
Target:  0x61f0e0 , Refer:  0x6227e2
Target:  0x67f180 , Refer:  0x67efed
Target:  0x61f1c0 , Refer:  0x61f545
Target:  0x67f280 , Refer:  0x67f5f1
Target:  0x61f2d0 , Refer:  0x62265a
Target:  0x67f2e0 , Refer:  0x680241
Target:  0x67f340 , Refer:  0x6801b1
Target:  0x5c7380 , Refer:  0x682be0
Target:  0x67f380 , Refer:  0x67f628
Target:  0x61f3e0 , Refer:  0x597f63
Target:  0x67f3e0 , Refer:  0x58ab66
Target:  0x6176a0 , Refer:  0x616bb3
Target:  0x67f700 , Refer:  0x58ad03
Target:  0x61f940 , Refer:  0x5972f3
Target:  0x63f980 , Refer:  0x59d4d6
Target:  0x5c79e0 , Refer:  0x682c61
Target:  0x61fa20 , Refer:  0x597291
Target:  0x56fa40 , Refer:  0x634020
Target:  0x61fb90 , Refer:  0x5967d2
Target:  0x63fe40 , Refer:  0x59dd82
Target:  0x67fe60 , Refer:  0x58a11b
Target:  0x617ec0 , Refer:  0x59a3e4
Target:  0x617f00 , Refer:  0x617ef8
Target:  0x5e7f40 , Refer:  0x5e58cd
/data/testsuite/utils/cpu2006/ccr_O3/soplex_base.amd64-m64-ccr-O3.strip
Target:  0x40a800 , Refer:  0x449099
/data/testsuite/clients/gcc_O0/openssl.strip
Target:  0x4d8020 , Refer:  0x4d8920
Target:  0x590100 , Refer:  0x58d90e
Target:  0x4a01b0 , Refer:  0x5db3d3
Target:  0x4a03d0 , Refer:  0x5e9173
Target:  0x5e8700 , Refer:  0x5ea84b
Target:  0x4d8800 , Refer:  0x4c832a
Target:  0x5e0900 , Refer:  0x5df615
Target:  0x4d8960 , Refer:  0x4d88ff
Target:  0x5909a0 , Refer:  0x58d91a
Target:  0x588a00 , Refer:  0x58d6e2
Target:  0x598e40 , Refer:  0x5958af
Target:  0x5e9000 , Refer:  0x5ea1a1
Target:  0x641000 , Refer:  0x59b186
Target:  0x5e9160 , Refer:  0x52313d
Target:  0x4d9220 , Refer:  0x4d9466
Target:  0x4d92c0 , Refer:  0x4c835d
Target:  0x6492c0 , Refer:  0x5d9752
Target:  0x4d92e0 , Refer:  0x4d92c8
Target:  0x581300 , Refer:  0x52816a
Target:  0x649350 , Refer:  0x649cb8
Target:  0x649370 , Refer:  0x5db40f
Target:  0x649380 , Refer:  0x5d9d89
Target:  0x6493a0 , Refer:  0x5db4ad
Target:  0x649530 , Refer:  0x5d97eb
Target:  0x4d95c0 , Refer:  0x4d9ec2
Target:  0x5e9610 , Refer:  0x5245cc
Target:  0x649760 , Refer:  0x5d9869
Target:  0x5e9970 , Refer:  0x52531f
Target:  0x649990 , Refer:  0x5d9a59
Target:  0x5e1a40 , Refer:  0x5df608
Target:  0x589aa0 , Refer:  0x588a27
Target:  0x649b10 , Refer:  0x5d9d1b
Target:  0x649c90 , Refer:  0x5d9e4c
Target:  0x589d20 , Refer:  0x588a5e
Target:  0x4d9f00 , Refer:  0x4d9ea3
Target:  0x5ea150 , Refer:  0x52532b
Target:  0x642800 , Refer:  0x64101b
Target:  0x4da860 , Refer:  0x4d9ea8
Target:  0x4da8f0 , Refer:  0x4c82fb
Target:  0x4da920 , Refer:  0x4c8118
Target:  0x4da960 , Refer:  0x4c819b
Target:  0x592aa0 , Refer:  0x5909b1
Target:  0x58ab60 , Refer:  0x588a59
Target:  0x5eabc0 , Refer:  0x5eb309
Target:  0x5ead20 , Refer:  0x5eb339
Target:  0x5eaec0 , Refer:  0x5eb28a
Target:  0x5eb020 , Refer:  0x5eaf74
Target:  0x5eb040 , Refer:  0x5eaf99
Target:  0x5eb100 , Refer:  0x5eafef
Target:  0x5eb130 , Refer:  0x5eafa3
Target:  0x5eb230 , Refer:  0x52699d
Target:  0x5eb260 , Refer:  0x5269cc
Target:  0x5eb2a0 , Refer:  0x5269fd
Target:  0x5eb2c0 , Refer:  0x5269f3
Target:  0x4db2e0 , Refer:  0x4dd55c
Target:  0x5eb2e0 , Refer:  0x5232ee
Target:  0x54b340 , Refer:  0x5499ac
Target:  0x4db360 , Refer:  0x4dd2b0
Target:  0x5eb360 , Refer:  0x5eb2f2
Target:  0x54b450 , Refer:  0x5499be
Target:  0x5e34a0 , Refer:  0x5df5e0
Target:  0x5fb580 , Refer:  0x4d6889
Target:  0x5db5c0 , Refer:  0x52b1a2
Target:  0x4db650 , Refer:  0x4dd590
Target:  0x4db6d0 , Refer:  0x4dd3aa
Target:  0x643780 , Refer:  0x64104d
Target:  0x58b8f0 , Refer:  0x588a3b
Target:  0x4db9a0 , Refer:  0x4dd518
Target:  0x5e3ac0 , Refer:  0x522f57
Target:  0x5e3b00 , Refer:  0x522f4d
Target:  0x5e3b40 , Refer:  0x5e58c4
Target:  0x5e3ba0 , Refer:  0x5e7685
Target:  0x5e3c00 , Refer:  0x5e590c
Target:  0x54bc50 , Refer:  0x549960
Target:  0x5e3c70 , Refer:  0x5e76b5
Target:  0x4d3cc0 , Refer:  0x4d64a3
Target:  0x5e3ce0 , Refer:  0x5e5964
Target:  0x5e3d70 , Refer:  0x5e76f5
Target:  0x5dbd80 , Refer:  0x5db5d3
Target:  0x583dc0 , Refer:  0x58130e
Target:  0x5e3e00 , Refer:  0x5e5820
Target:  0x5fbe80 , Refer:  0x4d66da
Target:  0x54beb0 , Refer:  0x54c781
Target:  0x5e3ee0 , Refer:  0x5e75e2
Target:  0x54bf80 , Refer:  0x54997d
Target:  0x5fbfa0 , Refer:  0x4d68ba
Target:  0x5e3fc0 , Refer:  0x5e4345
Target:  0x5e40d0 , Refer:  0x5e745a
Target:  0x63c1b0 , Refer:  0x54421b
Target:  0x5e41e0 , Refer:  0x5229e2
Target:  0x584400 , Refer:  0x58131a
Target:  0x5dc4a0 , Refer:  0x5db9b3
Target:  0x54c5e0 , Refer:  0x54991c
Target:  0x5fc620 , Refer:  0x4d6763
Target:  0x5e4740 , Refer:  0x522deb
Target:  0x54c780 , Refer:  0x549927
Target:  0x54c7a0 , Refer:  0x549939
Target:  0x5fc7a0 , Refer:  0x4d68e9
Target:  0x5e4820 , Refer:  0x522df7
Target:  0x4d4880 , Refer:  0x4d6513
Target:  0x5fc8a0 , Refer:  0x5fc81b
Target:  0x644940 , Refer:  0x64102f
Target:  0x5e4990 , Refer:  0x524ef1
Target:  0x5fc9a0 , Refer:  0x5fc849
Target:  0x5fca80 , Refer:  0x5fc737
Target:  0x5fcb40 , Refer:  0x5fc66c
Target:  0x5dccc0 , Refer:  0x52869b
Target:  0x5fcce0 , Refer:  0x5fc6c4
Target:  0x5dcd00 , Refer:  0x5dccf8
Target:  0x5fced0 , Refer:  0x4d672e
Target:  0x5fcf00 , Refer:  0x4d6799
Target:  0x5fd180 , Refer:  0x52da54
Target:  0x4d51a0 , Refer:  0x4d6529
Target:  0x4dd1c0 , Refer:  0x52cd64
Target:  0x5e52f0 , Refer:  0x522c22
Target:  0x6353a0 , Refer:  0x513f15
Target:  0x635440 , Refer:  0x51446f
Target:  0x4d5460 , Refer:  0x4d5b4b
Target:  0x6354c0 , Refer:  0x63722f
Target:  0x5fd520 , Refer:  0x5fd19a
Target:  0x63d5c0 , Refer:  0x56b198
Target:  0x63d660 , Refer:  0x63e5f2
Target:  0x4d56c0 , Refer:  0x4d6374
Target:  0x635700 , Refer:  0x5143d1
Target:  0x4d5720 , Refer:  0x4d64c9
Target:  0x56d750 , Refer:  0x53109b
Target:  0x5fd760 , Refer:  0x5fd536
Target:  0x63d760 , Refer:  0x63e546
Target:  0x635780 , Refer:  0x6370ab
Target:  0x63d7a0 , Refer:  0x63e7e8
Target:  0x63d820 , Refer:  0x63e85a
Target:  0x595880 , Refer:  0x59a7de
Target:  0x58d900 , Refer:  0x52adc4
Target:  0x4d5940 , Refer:  0x4c78e7
Target:  0x635940 , Refer:  0x638351
Target:  0x63da20 , Refer:  0x63d5ec
Target:  0x5e5a70 , Refer:  0x522c70
Target:  0x635ba0 , Refer:  0x6381d4
Target:  0x64dd30 , Refer:  0x64e0f3
Target:  0x635d60 , Refer:  0x514485
Target:  0x635e60 , Refer:  0x512d4a
Target:  0x5dde80 , Refer:  0x5dccf3
Target:  0x635ec0 , Refer:  0x512ff8
Target:  0x635fa0 , Refer:  0x513474
Target:  0x635fe0 , Refer:  0x513ef2
Target:  0x64e000 , Refer:  0x64bd2c
Target:  0x6360a0 , Refer:  0x635ecd
Target:  0x5fe180 , Refer:  0x5fd529
Target:  0x636180 , Refer:  0x635fed
Target:  0x5e6280 , Refer:  0x522f1a
Target:  0x636280 , Refer:  0x6365f1
Target:  0x6362e0 , Refer:  0x637241
Target:  0x636340 , Refer:  0x6371b1
Target:  0x636380 , Refer:  0x636628
Target:  0x6363e0 , Refer:  0x512f77
Target:  0x646440 , Refer:  0x5a94b6
Target:  0x5e64e0 , Refer:  0x5e63e2
Target:  0x63e540 , Refer:  0x63d5f3
Target:  0x586560 , Refer:  0x584411
Target:  0x63e5e0 , Refer:  0x63d607
Target:  0x5e66a0 , Refer:  0x5e6461
Target:  0x5466c0 , Refer:  0x546fd9
Target:  0x636700 , Refer:  0x514199
Target:  0x56e780 , Refer:  0x639625
Target:  0x5e67e0 , Refer:  0x5e6406
Target:  0x5e6860 , Refer:  0x522f26
Target:  0x5fe8c0 , Refer:  0x5fd770
Target:  0x4d6920 , Refer:  0x4cc286
Target:  0x5e6b40 , Refer:  0x5e69e8
Target:  0x546c40 , Refer:  0x524fa1
Target:  0x5e6ce0 , Refer:  0x5e6ab1
Target:  0x596d40 , Refer:  0x59589b
Target:  0x546d80 , Refer:  0x546fbb
Target:  0x56ede0 , Refer:  0x6395db
Target:  0x5e6e00 , Refer:  0x5e6a36
Target:  0x636e60 , Refer:  0x513f62
Target:  0x5e6e70 , Refer:  0x52b76b
Target:  0x56eea0 , Refer:  0x44fbf7
Target:  0x546f00 , Refer:  0x524df3
Target:  0x597080 , Refer:  0x5958da
Target:  0x5df080 , Refer:  0x5dccd5
Target:  0x6373e0 , Refer:  0x63775c
Target:  0x49f440 , Refer:  0x4a054d
Target:  0x637440 , Refer:  0x638363
Target:  0x6374a0 , Refer:  0x6382d6
Target:  0x637500 , Refer:  0x637794
Target:  0x637560 , Refer:  0x6363f3
Target:  0x5df5c0 , Refer:  0x52cc45
Target:  0x49f630 , Refer:  0x4a07a7
Target:  0x5e77b0 , Refer:  0x529dad
Target:  0x5e7820 , Refer:  0x5e77b5
Target:  0x637860 , Refer:  0x636713
Target:  0x49f8a0 , Refer:  0x5ea17c
Target:  0x4d78c0 , Refer:  0x4c82d1
Target:  0x5df900 , Refer:  0x5df5f4
Target:  0x49f960 , Refer:  0x4a065d
Target:  0x49fb40 , Refer:  0x4a087f
Target:  0x5d7c00 , Refer:  0x4ed0b8
Target:  0x5d7dc0 , Refer:  0x65c191
Target:  0x5d7e20 , Refer:  0x64fabc
Target:  0x49fe30 , Refer:  0x5ea951
Target:  0x5e7e80 , Refer:  0x5ea04b
Target:  0x49fef0 , Refer:  0x5db3ee
Target:  0x49ff20 , Refer:  0x4a01bc
Target:  0x597f40 , Refer:  0x5958cd
Target:  0x5d7f80 , Refer:  0x63fdca
Target:  0x637fa0 , Refer:  0x636e73
/data/testsuite/libs/gcc_m32_Os/libc-2.27.so.strip
Target:  0x3d350 , Refer:  0x3d393
Target:  0xa3ce5 , Refer:  0xfb390
/data/testsuite/utils/cpu2006/ccr_O2/povray_base.amd64-m64-ccr-O2.strip
Target:  0x414f50 , Refer:  0x4abcf2
/data/testsuite/utils/cpu2006/ccr_Of/omnetpp_base.amd64-m64-ccr-Of.strip
Target:  0x405790 , Refer:  0x46761a
/data/testsuite/utils/cpu2006/ccr_Os/omnetpp_base.amd64-m64-ccr-Os.strip
Target:  0x4053a0 , Refer:  0x458ece
/data/testsuite/utils/cpu2006/ccr_O0/povray_base.amd64-m64-ccr-O0.strip
Target:  0x41b950 , Refer:  0x4ea10f
/data/testsuite/clients/gcc_O3/openssl.strip
Target:  0x558040 , Refer:  0x556b9b
Target:  0x598230 , Refer:  0x4f67a4
Target:  0x558380 , Refer:  0x556bda
Target:  0x5f04c0 , Refer:  0x5ecbaf
Target:  0x4b8600 , Refer:  0x4ab1f0
Target:  0x5989b0 , Refer:  0x4f6867
Target:  0x5e8a00 , Refer:  0x533480
Target:  0x5f8a30 , Refer:  0x5f8df3
Target:  0x5e8aa0 , Refer:  0x5e9a32
Target:  0x5e8ba0 , Refer:  0x5e9986
Target:  0x5e8be0 , Refer:  0x5e9c28
Target:  0x5e8c60 , Refer:  0x5e9c9a
Target:  0x5f8d00 , Refer:  0x5f7759
Target:  0x4b8d60 , Refer:  0x4b9660
Target:  0x590dc0 , Refer:  0x58fc33
Target:  0x5e8e60 , Refer:  0x5e8a2c
Target:  0x5991c0 , Refer:  0x4f93c3
Target:  0x559240 , Refer:  0x556bcd
Target:  0x5e13a0 , Refer:  0x4e7e0c
Target:  0x551400 , Refer:  0x54ec0e
Target:  0x599420 , Refer:  0x599322
Target:  0x5e1440 , Refer:  0x4e6691
Target:  0x5e14c0 , Refer:  0x5e322f
Target:  0x4b9540 , Refer:  0x4ab736
Target:  0x5995e0 , Refer:  0x5993a1
Target:  0x4b96a0 , Refer:  0x4b963f
Target:  0x5e1700 , Refer:  0x4e6621
Target:  0x599720 , Refer:  0x599346
Target:  0x5e1780 , Refer:  0x5e30ab
Target:  0x5997a0 , Refer:  0x4f92f3
Target:  0x5e1940 , Refer:  0x5e4351
Target:  0x5e9980 , Refer:  0x5e8a33
Target:  0x5e9a20 , Refer:  0x5e8a47
Target:  0x599a80 , Refer:  0x599928
Target:  0x5e1ba0 , Refer:  0x5e41d4
Target:  0x599c20 , Refer:  0x5999f1
Target:  0x551ca0 , Refer:  0x54ec1a
Target:  0x599d40 , Refer:  0x599976
Target:  0x5e1d60 , Refer:  0x4e669c
Target:  0x599db0 , Refer:  0x4fdfad
Target:  0x549e00 , Refer:  0x54eacd
Target:  0x5e1e60 , Refer:  0x4e7345
Target:  0x5e1ec0 , Refer:  0x4e76a4
Target:  0x5f1f40 , Refer:  0x567a31
Target:  0x4b9f60 , Refer:  0x4ba1a6
Target:  0x5e1fa0 , Refer:  0x4e85b3
Target:  0x591fc0 , Refer:  0x58fc15
Target:  0x5e1fe0 , Refer:  0x4e7dff
Target:  0x4ba000 , Refer:  0x4ab758
Target:  0x4ba020 , Refer:  0x4ba008
Target:  0x5e20a0 , Refer:  0x5e1ecd
Target:  0x55a140 , Refer:  0x556baf
Target:  0x5e2180 , Refer:  0x5e1fed
Target:  0x5e2280 , Refer:  0x5e25f1
Target:  0x5e22e0 , Refer:  0x5e3241
Target:  0x4ba300 , Refer:  0x4bac02
Target:  0x5e2340 , Refer:  0x5e31b1
Target:  0x5e2380 , Refer:  0x5e2628
Target:  0x5e23e0 , Refer:  0x4e761c
Target:  0x592500 , Refer:  0x4fe352
Target:  0x51a610 , Refer:  0x518222
Target:  0x59a6f0 , Refer:  0x4fe2bb
Target:  0x542700 , Refer:  0x4fabcd
Target:  0x5e2700 , Refer:  0x4e77c6
Target:  0x59a760 , Refer:  0x59a6f5
Target:  0x592840 , Refer:  0x592534
Target:  0x5aa840 , Refer:  0x4b7615
Target:  0x51a870 , Refer:  0x51b141
Target:  0x4bac40 , Refer:  0x4babe3
Target:  0x59adc0 , Refer:  0x59cf8b
Target:  0x5e2e60 , Refer:  0x4e7eb0
Target:  0x54aea0 , Refer:  0x549e27
Target:  0x58af10 , Refer:  0x4ca1d4
Target:  0x51afa0 , Refer:  0x518431
Target:  0x58b0d0 , Refer:  0x5fd6d6
Target:  0x54b120 , Refer:  0x549e5e
Target:  0x58b130 , Refer:  0x5f9bab
Target:  0x5ab140 , Refer:  0x4b750f
Target:  0x51b160 , Refer:  0x4f7a3c
Target:  0x5ab260 , Refer:  0x4b7630
Target:  0x58b290 , Refer:  0x5eb58e
Target:  0x5e33e0 , Refer:  0x5e375c
Target:  0x5e3440 , Refer:  0x5e4363
Target:  0x5e34a0 , Refer:  0x5e42d6
Target:  0x5e3500 , Refer:  0x5e3794
Target:  0x5e3560 , Refer:  0x5e23f3
Target:  0x4bb5a0 , Refer:  0x4babe8
Target:  0x4bb630 , Refer:  0x4ab715
Target:  0x59b640 , Refer:  0x59d78b
Target:  0x4bb660 , Refer:  0x4ab03d
Target:  0x4bb6a0 , Refer:  0x4ab0f7
Target:  0x593840 , Refer:  0x592555
Target:  0x5e3860 , Refer:  0x5e2713
Target:  0x5ab8e0 , Refer:  0x4b7567
Target:  0x5aba60 , Refer:  0x4b764d
Target:  0x5abb60 , Refer:  0x5abadb
Target:  0x5abc60 , Refer:  0x5abb09
Target:  0x5abd40 , Refer:  0x5ab9f7
Target:  0x553da0 , Refer:  0x551cb1
Target:  0x5abe00 , Refer:  0x5ab92c
Target:  0x4bbe20 , Refer:  0x4be070
Target:  0x513e80 , Refer:  0x514799
Target:  0x4bbea0 , Refer:  0x4bddf0
Target:  0x59bf40 , Refer:  0x59d0e1
Target:  0x54bf60 , Refer:  0x549e59
Target:  0x5abfa0 , Refer:  0x5ab984
Target:  0x5e3fa0 , Refer:  0x5e2e73
Target:  0x4bc190 , Refer:  0x4be090
Target:  0x5ac190 , Refer:  0x4b7546
Target:  0x5ac1c0 , Refer:  0x4b758b
Target:  0x4bc210 , Refer:  0x4bdeea
Target:  0x514400 , Refer:  0x4f7ae4
Target:  0x5ac440 , Refer:  0x4ff292
Target:  0x4bc4e0 , Refer:  0x4be02a
Target:  0x514540 , Refer:  0x51477b
Target:  0x59c550 , Refer:  0x4f7b81
Target:  0x5146c0 , Refer:  0x4f7a8f
Target:  0x5f47d0 , Refer:  0x58e385
Target:  0x5ac7e0 , Refer:  0x5ac45a
Target:  0x5f4860 , Refer:  0x5f51c8
Target:  0x5f4880 , Refer:  0x58df86
Target:  0x5f4890 , Refer:  0x58df7f
Target:  0x59c8b0 , Refer:  0x4f6393
Target:  0x5f48b0 , Refer:  0x58c391
Target:  0x594980 , Refer:  0x592548
Target:  0x5aca20 , Refer:  0x5ac7f6
Target:  0x5f4a40 , Refer:  0x58d560
Target:  0x5ecb80 , Refer:  0x55c086
Target:  0x5f4c70 , Refer:  0x58d78b
Target:  0x534cb0 , Refer:  0x502713
Target:  0x54ccf0 , Refer:  0x549e3b
Target:  0x5f4ea0 , Refer:  0x58ddca
Target:  0x4b4fc0 , Refer:  0x4b73b8
Target:  0x5f5020 , Refer:  0x58e212
Target:  0x59d090 , Refer:  0x4f629b
Target:  0x5f51a0 , Refer:  0x58e33f
Target:  0x5451c0 , Refer:  0x54270e
Target:  0x5ad440 , Refer:  0x5ac7e9
Target:  0x545800 , Refer:  0x54271a
Target:  0x59db00 , Refer:  0x59e249
Target:  0x4b5b80 , Refer:  0x4b73f7
Target:  0x5adb80 , Refer:  0x5aca30
Target:  0x59dc60 , Refer:  0x59e279
Target:  0x535d00 , Refer:  0x5e53e0
Target:  0x4bdd00 , Refer:  0x4fe9e6
Target:  0x59de00 , Refer:  0x59e1ca
Target:  0x59df60 , Refer:  0x59deb4
Target:  0x59df80 , Refer:  0x59ded9
Target:  0x59e040 , Refer:  0x59df2f
Target:  0x59e070 , Refer:  0x59dee3
Target:  0x59e170 , Refer:  0x4f90ee
Target:  0x59e1a0 , Refer:  0x4f9108
Target:  0x59e1e0 , Refer:  0x4f9116
Target:  0x59e200 , Refer:  0x4f910f
Target:  0x59e220 , Refer:  0x4f64d3
Target:  0x59e2a0 , Refer:  0x59e232
Target:  0x536360 , Refer:  0x5e5461
Target:  0x5ee380 , Refer:  0x5ecb9b
Target:  0x5963e0 , Refer:  0x592520
Target:  0x536420 , Refer:  0x448d90
Target:  0x4b64a0 , Refer:  0x4b7404
Target:  0x58e4e0 , Refer:  0x4fc524
Target:  0x4b6760 , Refer:  0x4b6dd2
Target:  0x486880 , Refer:  0x48798d
Target:  0x4b69c0 , Refer:  0x4b731c
Target:  0x596a00 , Refer:  0x4f930e
Target:  0x4b6a20 , Refer:  0x4b73cb
Target:  0x596a40 , Refer:  0x4f9301
Target:  0x486a70 , Refer:  0x487be7
Target:  0x596a80 , Refer:  0x598804
Target:  0x596ae0 , Refer:  0x59a5c5
Target:  0x596b40 , Refer:  0x59884c
Target:  0x556b80 , Refer:  0x55ba15
Target:  0x596bb0 , Refer:  0x59a5f5
Target:  0x54ec00 , Refer:  0x4fd214
Target:  0x596c20 , Refer:  0x5988a4
Target:  0x4b6c40 , Refer:  0x4abaf8
Target:  0x58eca0 , Refer:  0x58e4f3
Target:  0x596cb0 , Refer:  0x59a635
Target:  0x486ce0 , Refer:  0x59d0bc
Target:  0x596d40 , Refer:  0x598760
Target:  0x486da0 , Refer:  0x487a9d
Target:  0x596e20 , Refer:  0x59a522
Target:  0x596f00 , Refer:  0x597285
Target:  0x486f80 , Refer:  0x487cbf
Target:  0x597010 , Refer:  0x59a39a
Target:  0x597120 , Refer:  0x4f9473
Target:  0x487270 , Refer:  0x59d891
Target:  0x5ef300 , Refer:  0x5ecbcd
Target:  0x487330 , Refer:  0x58d733
Target:  0x487360 , Refer:  0x4875fc
Target:  0x58f3c0 , Refer:  0x58e8d3
Target:  0x4875f0 , Refer:  0x58d71f
Target:  0x4b7680 , Refer:  0x4af1ff
Target:  0x597680 , Refer:  0x4f8803
Target:  0x597760 , Refer:  0x4f87a1
Target:  0x5e77c0 , Refer:  0x512315
Target:  0x487810 , Refer:  0x59c0b3
Target:  0x5978d0 , Refer:  0x4f7ce2
Target:  0x547960 , Refer:  0x545811
Target:  0x58fc00 , Refer:  0x4fb8f4
Target:  0x58fc40 , Refer:  0x58fc38
/data/testsuite/utils/cpu2006/ccr_O2/soplex_base.amd64-m64-ccr-O2.strip
Target:  0x4097a0 , Refer:  0x4446ab
/data/testsuite/utils/cpu2006/ccr_Of/povray_base.amd64-m64-ccr-Of.strip
Target:  0x416510 , Refer:  0x4b50d2
/data/testsuite/utils/cpu2006/ccr_O3/dealII_base.amd64-m64-ccr-O0.strip
Target:  0x405ec0 , Refer:  0x74fee4
/data/testsuite/utils/cpu2006/ccr_Os/namd_base.amd64-m64-ccr-Os.strip
Target:  0x439570 , Refer:  0x43b645
/data/testsuite/clients/gcc_Of/openssl.strip
Target:  0x558340 , Refer:  0x556e9b
Target:  0x5f04c0 , Refer:  0x5ecbaf
Target:  0x598530 , Refer:  0x4f6a24
Target:  0x558680 , Refer:  0x556eda
Target:  0x4b8880 , Refer:  0x4ab490
Target:  0x5e8a00 , Refer:  0x533700
Target:  0x5f8a30 , Refer:  0x5f8df3
Target:  0x5e8aa0 , Refer:  0x5e9a32
Target:  0x5e8ba0 , Refer:  0x5e9986
Target:  0x5e8be0 , Refer:  0x5e9c28
Target:  0x5e8c60 , Refer:  0x5e9c9a
Target:  0x598cb0 , Refer:  0x4f6ae7
Target:  0x5f8d00 , Refer:  0x5f7759
Target:  0x5e8e60 , Refer:  0x5e8a2c
Target:  0x4b8fe0 , Refer:  0x4b98e0
Target:  0x5910c0 , Refer:  0x58ff33
Target:  0x5e13a0 , Refer:  0x4e808c
Target:  0x5e1440 , Refer:  0x4e6911
Target:  0x5994c0 , Refer:  0x4f9643
Target:  0x5e14c0 , Refer:  0x5e322f
Target:  0x559540 , Refer:  0x556ecd
Target:  0x551700 , Refer:  0x54ef0e
Target:  0x5e1700 , Refer:  0x4e68a1
Target:  0x599720 , Refer:  0x599622
Target:  0x5e1780 , Refer:  0x5e30ab
Target:  0x4b97c0 , Refer:  0x4ab9d6
Target:  0x5998e0 , Refer:  0x5996a1
Target:  0x4b9920 , Refer:  0x4b98bf
Target:  0x5e1940 , Refer:  0x5e4351
Target:  0x5e9980 , Refer:  0x5e8a33
Target:  0x599a20 , Refer:  0x599646
Target:  0x5e9a20 , Refer:  0x5e8a47
Target:  0x599aa0 , Refer:  0x4f9573
Target:  0x5e1ba0 , Refer:  0x5e41d4
Target:  0x5e1d60 , Refer:  0x4e691c
Target:  0x599d80 , Refer:  0x599c28
Target:  0x5e1e60 , Refer:  0x4e75c5
Target:  0x5e1ec0 , Refer:  0x4e7924
Target:  0x599f20 , Refer:  0x599cf1
Target:  0x5f1f40 , Refer:  0x567d31
Target:  0x551fa0 , Refer:  0x54ef1a
Target:  0x5e1fa0 , Refer:  0x4e8833
Target:  0x5e1fe0 , Refer:  0x4e807f
Target:  0x59a040 , Refer:  0x599c76
Target:  0x5e20a0 , Refer:  0x5e1ecd
Target:  0x59a0b0 , Refer:  0x4fe22d
Target:  0x54a100 , Refer:  0x54edcd
Target:  0x5e2180 , Refer:  0x5e1fed
Target:  0x4ba1e0 , Refer:  0x4ba426
Target:  0x4ba280 , Refer:  0x4ab9f8
Target:  0x5e2280 , Refer:  0x5e25f1
Target:  0x4ba2a0 , Refer:  0x4ba288
Target:  0x5922c0 , Refer:  0x58ff15
Target:  0x5e22e0 , Refer:  0x5e3241
Target:  0x5e2340 , Refer:  0x5e31b1
Target:  0x5e2380 , Refer:  0x5e2628
Target:  0x5e23e0 , Refer:  0x4e789c
Target:  0x55a440 , Refer:  0x556eaf
Target:  0x4ba580 , Refer:  0x4bae82
Target:  0x5e2700 , Refer:  0x4e7a46
Target:  0x592800 , Refer:  0x4fe5d2
Target:  0x51a890 , Refer:  0x5184a2
Target:  0x59a9f0 , Refer:  0x4fe53b
Target:  0x542a00 , Refer:  0x4fae4d
Target:  0x59aa60 , Refer:  0x59a9f5
Target:  0x51aaf0 , Refer:  0x51b3c1
Target:  0x592b40 , Refer:  0x592834
Target:  0x5aab40 , Refer:  0x4b7895
Target:  0x5e2e60 , Refer:  0x4e8130
Target:  0x4baec0 , Refer:  0x4bae63
Target:  0x59b0c0 , Refer:  0x59d28b
Target:  0x54b1a0 , Refer:  0x54a127
Target:  0x58b210 , Refer:  0x4ca454
Target:  0x51b220 , Refer:  0x5186b1
Target:  0x58b3d0 , Refer:  0x5fd6d6
Target:  0x51b3e0 , Refer:  0x4f7cbc
Target:  0x5e33e0 , Refer:  0x5e375c
Target:  0x54b420 , Refer:  0x54a15e
Target:  0x58b430 , Refer:  0x5f9bab
Target:  0x5ab440 , Refer:  0x4b778f
Target:  0x5e3440 , Refer:  0x5e4363
Target:  0x5e34a0 , Refer:  0x5e42d6
Target:  0x5e3500 , Refer:  0x5e3794
Target:  0x5ab560 , Refer:  0x4b78b0
Target:  0x5e3560 , Refer:  0x5e23f3
Target:  0x58b590 , Refer:  0x5eb57e
Target:  0x4bb820 , Refer:  0x4bae68
Target:  0x5e3860 , Refer:  0x5e2713
Target:  0x4bb8b0 , Refer:  0x4ab9b5
Target:  0x4bb8e0 , Refer:  0x4ab2dd
Target:  0x4bb920 , Refer:  0x4ab397
Target:  0x59b940 , Refer:  0x59da8b
Target:  0x593b40 , Refer:  0x592855
Target:  0x5abbe0 , Refer:  0x4b77e7
Target:  0x5abd60 , Refer:  0x4b78cd
Target:  0x5abe60 , Refer:  0x5abddb
Target:  0x5abf60 , Refer:  0x5abe09
Target:  0x5e3fa0 , Refer:  0x5e2e73
Target:  0x5ac040 , Refer:  0x5abcf7
Target:  0x4bc0a0 , Refer:  0x4be2f0
Target:  0x5540a0 , Refer:  0x551fb1
Target:  0x514100 , Refer:  0x514a19
Target:  0x5ac100 , Refer:  0x5abc2c
Target:  0x4bc120 , Refer:  0x4be070
Target:  0x59c240 , Refer:  0x59d3e1
Target:  0x54c260 , Refer:  0x54a159
Target:  0x5ac2a0 , Refer:  0x5abc84
Target:  0x4bc410 , Refer:  0x4be310
Target:  0x4bc490 , Refer:  0x4be16a
Target:  0x5ac490 , Refer:  0x4b77c6
Target:  0x5ac4c0 , Refer:  0x4b780b
Target:  0x514680 , Refer:  0x4f7d64
Target:  0x5ac740 , Refer:  0x4ff512
Target:  0x4bc760 , Refer:  0x4be2aa
Target:  0x5147c0 , Refer:  0x5149fb
Target:  0x5f47d0 , Refer:  0x58e685
Target:  0x59c850 , Refer:  0x4f7e01
Target:  0x5f4860 , Refer:  0x5f51c8
Target:  0x5f4880 , Refer:  0x58e286
Target:  0x5f4890 , Refer:  0x58e27f
Target:  0x5f48b0 , Refer:  0x58c691
Target:  0x514940 , Refer:  0x4f7d0f
Target:  0x5f4a40 , Refer:  0x58d860
Target:  0x5acae0 , Refer:  0x5ac75a
Target:  0x5ecb80 , Refer:  0x55c386
Target:  0x59cbb0 , Refer:  0x4f6613
Target:  0x5f4c70 , Refer:  0x58da8b
Target:  0x594c80 , Refer:  0x592848
Target:  0x5acd20 , Refer:  0x5acaf6
Target:  0x5f4ea0 , Refer:  0x58e0ca
Target:  0x534f30 , Refer:  0x502993
Target:  0x54cff0 , Refer:  0x54a13b
Target:  0x5f5020 , Refer:  0x58e512
Target:  0x5f51a0 , Refer:  0x58e63f
Target:  0x4b5240 , Refer:  0x4b7638
Target:  0x59d390 , Refer:  0x4f651b
Target:  0x5454c0 , Refer:  0x542a0e
Target:  0x5ad740 , Refer:  0x5acae9
Target:  0x545b00 , Refer:  0x542a1a
Target:  0x4b5e00 , Refer:  0x4b7677
Target:  0x59de00 , Refer:  0x59e549
Target:  0x5ade80 , Refer:  0x5acd30
Target:  0x59df60 , Refer:  0x59e579
Target:  0x535f80 , Refer:  0x5e53e0
Target:  0x4bdf80 , Refer:  0x4fec66
Target:  0x59e100 , Refer:  0x59e4ca
Target:  0x59e260 , Refer:  0x59e1b4
Target:  0x59e280 , Refer:  0x59e1d9
Target:  0x59e340 , Refer:  0x59e22f
Target:  0x59e370 , Refer:  0x59e1e3
Target:  0x5ee380 , Refer:  0x5ecb9b
Target:  0x59e470 , Refer:  0x4f936e
Target:  0x59e4a0 , Refer:  0x4f9388
Target:  0x59e4e0 , Refer:  0x4f9396
Target:  0x59e500 , Refer:  0x4f938f
Target:  0x59e520 , Refer:  0x4f6753
Target:  0x59e5a0 , Refer:  0x59e532
Target:  0x5365e0 , Refer:  0x5e5461
Target:  0x5366a0 , Refer:  0x448fe0
Target:  0x5966e0 , Refer:  0x592820
Target:  0x4b6720 , Refer:  0x4b7684
Target:  0x58e7e0 , Refer:  0x4fc7a4
Target:  0x4b69e0 , Refer:  0x4b7052
Target:  0x486ac0 , Refer:  0x487bcd
Target:  0x4b6c40 , Refer:  0x4b759c
Target:  0x4b6ca0 , Refer:  0x4b764b
Target:  0x486cb0 , Refer:  0x487e27
Target:  0x596d00 , Refer:  0x4f958e
Target:  0x596d40 , Refer:  0x4f9581
Target:  0x596d80 , Refer:  0x598b04
Target:  0x596de0 , Refer:  0x59a8c5
Target:  0x596e40 , Refer:  0x598b4c
Target:  0x556e80 , Refer:  0x55bd15
Target:  0x596eb0 , Refer:  0x59a8f5
Target:  0x4b6ec0 , Refer:  0x4abd98
Target:  0x54ef00 , Refer:  0x4fd494
Target:  0x486f20 , Refer:  0x59d3bc
Target:  0x596f20 , Refer:  0x598ba4
Target:  0x58efa0 , Refer:  0x58e7f3
Target:  0x596fb0 , Refer:  0x59a935
Target:  0x486fe0 , Refer:  0x487cdd
Target:  0x597040 , Refer:  0x598a60
Target:  0x597120 , Refer:  0x59a822
Target:  0x4871c0 , Refer:  0x487eff
Target:  0x597200 , Refer:  0x597585
Target:  0x5ef300 , Refer:  0x5ecbcd
Target:  0x597310 , Refer:  0x59a69a
Target:  0x597420 , Refer:  0x4f96f3
Target:  0x4874b0 , Refer:  0x59db91
Target:  0x487570 , Refer:  0x58da33
Target:  0x4875a0 , Refer:  0x48783c
Target:  0x58f6c0 , Refer:  0x58ebd3
Target:  0x5e77c0 , Refer:  0x512595
Target:  0x487830 , Refer:  0x58da1f
Target:  0x4b7900 , Refer:  0x4af49f
Target:  0x597980 , Refer:  0x4f8a83
Target:  0x487a50 , Refer:  0x59c3b3
Target:  0x597a60 , Refer:  0x4f8a21
Target:  0x597bd0 , Refer:  0x4f7f62
Target:  0x547c60 , Refer:  0x545b11
Target:  0x58ff00 , Refer:  0x4fbb74
Target:  0x58ff40 , Refer:  0x58ff38
